2025-12-22T12:08:16.552Z - PrismaClientInitializationError: 
Invalid `prisma.user.upsert()` invocation:


Can't reach database server at `localhost:5432`

Please make sure your database server is running at `localhost:5432`.
    at $n.handleRequestError (C:\Users\harsh\OneDrive\Desktop\purple-merit\shortner\linkshortner\node_modules\@prisma\client\runtime\library.js:121:7615)
    at $n.handleAndLogRequestError (C:\Users\harsh\OneDrive\Desktop\purple-merit\shortner\linkshortner\node_modules\@prisma\client\runtime\library.js:121:6623)
    at $n.request (C:\Users\harsh\OneDrive\Desktop\purple-merit\shortner\linkshortner\node_modules\@prisma\client\runtime\library.js:121:6307)
    at async l (C:\Users\harsh\OneDrive\Desktop\purple-merit\shortner\linkshortner\node_modules\@prisma\client\runtime\library.js:130:9633)
    at async POST (webpack-internal:///(rsc)/./src/app/api/links/route.ts:78:13)
    at async C:\Users\harsh\OneDrive\Desktop\purple-merit\shortner\linkshortner\node_modules\next\dist\compiled\next-server\app-route.runtime.dev.js:6:57228
    at async eT.execute (C:\Users\harsh\OneDrive\Desktop\purple-merit\shortner\linkshortner\node_modules\next\dist\compiled\next-server\app-route.runtime.dev.js:6:46851)
    at async eT.handle (C:\Users\harsh\OneDrive\Desktop\purple-merit\shortner\linkshortner\node_modules\next\dist\compiled\next-server\app-route.runtime.dev.js:6:58760)
    at async doRender (C:\Users\harsh\OneDrive\Desktop\purple-merit\shortner\linkshortner\node_modules\next\dist\server\base-server.js:1366:42)
    at async cacheEntry.responseCache.get.routeKind (C:\Users\harsh\OneDrive\Desktop\purple-merit\shortner\linkshortner\node_modules\next\dist\server\base-server.js:1588:28)
    at async DevServer.renderToResponseWithComponentsImpl (C:\Users\harsh\OneDrive\Desktop\purple-merit\shortner\linkshortner\node_modules\next\dist\server\base-server.js:1496:28)
    at async DevServer.renderPageComponent (C:\Users\harsh\OneDrive\Desktop\purple-merit\shortner\linkshortner\node_modules\next\dist\server\base-server.js:1924:24)
    at async DevServer.renderToResponseImpl (C:\Users\harsh\OneDrive\Desktop\purple-merit\shortner\linkshortner\node_modules\next\dist\server\base-server.js:1962:32)
    at async DevServer.pipeImpl (C:\Users\harsh\OneDrive\Desktop\purple-merit\shortner\linkshortner\node_modules\next\dist\server\base-server.js:922:25)
    at async NextNodeServer.handleCatchallRenderRequest (C:\Users\harsh\OneDrive\Desktop\purple-merit\shortner\linkshortner\node_modules\next\dist\server\next-server.js:272:17)
    at async DevServer.handleRequestImpl (C:\Users\harsh\OneDrive\Desktop\purple-merit\shortner\linkshortner\node_modules\next\dist\server\base-server.js:818:17)
    at async C:\Users\harsh\OneDrive\Desktop\purple-merit\shortner\linkshortner\node_modules\next\dist\server\dev\next-dev-server.js:339:20
    at async Span.traceAsyncFn (C:\Users\harsh\OneDrive\Desktop\purple-merit\shortner\linkshortner\node_modules\next\dist\trace\trace.js:154:20)
    at async DevServer.handleRequest (C:\Users\harsh\OneDrive\Desktop\purple-merit\shortner\linkshortner\node_modules\next\dist\server\dev\next-dev-server.js:336:24)
    at async invokeRender (C:\Users\harsh\OneDrive\Desktop\purple-merit\shortner\linkshortner\node_modules\next\dist\server\lib\router-server.js:179:21)
    at async handleRequest (C:\Users\harsh\OneDrive\Desktop\purple-merit\shortner\linkshortner\node_modules\next\dist\server\lib\router-server.js:359:24)
    at async requestHandlerImpl (C:\Users\harsh\OneDrive\Desktop\purple-merit\shortner\linkshortner\node_modules\next\dist\server\lib\router-server.js:383:13)
    at async Server.requestListener (C:\Users\harsh\OneDrive\Desktop\purple-merit\shortner\linkshortner\node_modules\next\dist\server\lib\start-server.js:141:13)
2025-12-22T12:12:28.050Z - PrismaClientInitializationError: 
Invalid `prisma.user.upsert()` invocation:


Can't reach database server at `localhost:5432`

Please make sure your database server is running at `localhost:5432`.
    at $n.handleRequestError (C:\Users\harsh\OneDrive\Desktop\purple-merit\shortner\linkshortner\node_modules\@prisma\client\runtime\library.js:121:7615)
    at $n.handleAndLogRequestError (C:\Users\harsh\OneDrive\Desktop\purple-merit\shortner\linkshortner\node_modules\@prisma\client\runtime\library.js:121:6623)
    at $n.request (C:\Users\harsh\OneDrive\Desktop\purple-merit\shortner\linkshortner\node_modules\@prisma\client\runtime\library.js:121:6307)
    at async l (C:\Users\harsh\OneDrive\Desktop\purple-merit\shortner\linkshortner\node_modules\@prisma\client\runtime\library.js:130:9633)
    at async POST (webpack-internal:///(rsc)/./src/app/api/links/route.ts:78:13)
    at async C:\Users\harsh\OneDrive\Desktop\purple-merit\shortner\linkshortner\node_modules\next\dist\compiled\next-server\app-route.runtime.dev.js:6:57228
    at async eT.execute (C:\Users\harsh\OneDrive\Desktop\purple-merit\shortner\linkshortner\node_modules\next\dist\compiled\next-server\app-route.runtime.dev.js:6:46851)
    at async eT.handle (C:\Users\harsh\OneDrive\Desktop\purple-merit\shortner\linkshortner\node_modules\next\dist\compiled\next-server\app-route.runtime.dev.js:6:58760)
    at async doRender (C:\Users\harsh\OneDrive\Desktop\purple-merit\shortner\linkshortner\node_modules\next\dist\server\base-server.js:1366:42)
    at async cacheEntry.responseCache.get.routeKind (C:\Users\harsh\OneDrive\Desktop\purple-merit\shortner\linkshortner\node_modules\next\dist\server\base-server.js:1588:28)
    at async DevServer.renderToResponseWithComponentsImpl (C:\Users\harsh\OneDrive\Desktop\purple-merit\shortner\linkshortner\node_modules\next\dist\server\base-server.js:1496:28)
    at async DevServer.renderPageComponent (C:\Users\harsh\OneDrive\Desktop\purple-merit\shortner\linkshortner\node_modules\next\dist\server\base-server.js:1924:24)
    at async DevServer.renderToResponseImpl (C:\Users\harsh\OneDrive\Desktop\purple-merit\shortner\linkshortner\node_modules\next\dist\server\base-server.js:1962:32)
    at async DevServer.pipeImpl (C:\Users\harsh\OneDrive\Desktop\purple-merit\shortner\linkshortner\node_modules\next\dist\server\base-server.js:922:25)
    at async NextNodeServer.handleCatchallRenderRequest (C:\Users\harsh\OneDrive\Desktop\purple-merit\shortner\linkshortner\node_modules\next\dist\server\next-server.js:272:17)
    at async DevServer.handleRequestImpl (C:\Users\harsh\OneDrive\Desktop\purple-merit\shortner\linkshortner\node_modules\next\dist\server\base-server.js:818:17)
    at async C:\Users\harsh\OneDrive\Desktop\purple-merit\shortner\linkshortner\node_modules\next\dist\server\dev\next-dev-server.js:339:20
    at async Span.traceAsyncFn (C:\Users\harsh\OneDrive\Desktop\purple-merit\shortner\linkshortner\node_modules\next\dist\trace\trace.js:154:20)
    at async DevServer.handleRequest (C:\Users\harsh\OneDrive\Desktop\purple-merit\shortner\linkshortner\node_modules\next\dist\server\dev\next-dev-server.js:336:24)
    at async invokeRender (C:\Users\harsh\OneDrive\Desktop\purple-merit\shortner\linkshortner\node_modules\next\dist\server\lib\router-server.js:179:21)
    at async handleRequest (C:\Users\harsh\OneDrive\Desktop\purple-merit\shortner\linkshortner\node_modules\next\dist\server\lib\router-server.js:359:24)
    at async requestHandlerImpl (C:\Users\harsh\OneDrive\Desktop\purple-merit\shortner\linkshortner\node_modules\next\dist\server\lib\router-server.js:383:13)
    at async Server.requestListener (C:\Users\harsh\OneDrive\Desktop\purple-merit\shortner\linkshortner\node_modules\next\dist\server\lib\start-server.js:141:13)
2025-12-22T12:12:45.006Z - PrismaClientInitializationError: 
Invalid `prisma.user.upsert()` invocation:


Can't reach database server at `localhost:5432`

Please make sure your database server is running at `localhost:5432`.
    at $n.handleRequestError (C:\Users\harsh\OneDrive\Desktop\purple-merit\shortner\linkshortner\node_modules\@prisma\client\runtime\library.js:121:7615)
    at $n.handleAndLogRequestError (C:\Users\harsh\OneDrive\Desktop\purple-merit\shortner\linkshortner\node_modules\@prisma\client\runtime\library.js:121:6623)
    at $n.request (C:\Users\harsh\OneDrive\Desktop\purple-merit\shortner\linkshortner\node_modules\@prisma\client\runtime\library.js:121:6307)
    at async l (C:\Users\harsh\OneDrive\Desktop\purple-merit\shortner\linkshortner\node_modules\@prisma\client\runtime\library.js:130:9633)
    at async POST (webpack-internal:///(rsc)/./src/app/api/links/route.ts:78:13)
    at async C:\Users\harsh\OneDrive\Desktop\purple-merit\shortner\linkshortner\node_modules\next\dist\compiled\next-server\app-route.runtime.dev.js:6:57228
    at async eT.execute (C:\Users\harsh\OneDrive\Desktop\purple-merit\shortner\linkshortner\node_modules\next\dist\compiled\next-server\app-route.runtime.dev.js:6:46851)
    at async eT.handle (C:\Users\harsh\OneDrive\Desktop\purple-merit\shortner\linkshortner\node_modules\next\dist\compiled\next-server\app-route.runtime.dev.js:6:58760)
    at async doRender (C:\Users\harsh\OneDrive\Desktop\purple-merit\shortner\linkshortner\node_modules\next\dist\server\base-server.js:1366:42)
    at async cacheEntry.responseCache.get.routeKind (C:\Users\harsh\OneDrive\Desktop\purple-merit\shortner\linkshortner\node_modules\next\dist\server\base-server.js:1588:28)
    at async DevServer.renderToResponseWithComponentsImpl (C:\Users\harsh\OneDrive\Desktop\purple-merit\shortner\linkshortner\node_modules\next\dist\server\base-server.js:1496:28)
    at async DevServer.renderPageComponent (C:\Users\harsh\OneDrive\Desktop\purple-merit\shortner\linkshortner\node_modules\next\dist\server\base-server.js:1924:24)
    at async DevServer.renderToResponseImpl (C:\Users\harsh\OneDrive\Desktop\purple-merit\shortner\linkshortner\node_modules\next\dist\server\base-server.js:1962:32)
    at async DevServer.pipeImpl (C:\Users\harsh\OneDrive\Desktop\purple-merit\shortner\linkshortner\node_modules\next\dist\server\base-server.js:922:25)
    at async NextNodeServer.handleCatchallRenderRequest (C:\Users\harsh\OneDrive\Desktop\purple-merit\shortner\linkshortner\node_modules\next\dist\server\next-server.js:272:17)
    at async DevServer.handleRequestImpl (C:\Users\harsh\OneDrive\Desktop\purple-merit\shortner\linkshortner\node_modules\next\dist\server\base-server.js:818:17)
    at async C:\Users\harsh\OneDrive\Desktop\purple-merit\shortner\linkshortner\node_modules\next\dist\server\dev\next-dev-server.js:339:20
    at async Span.traceAsyncFn (C:\Users\harsh\OneDrive\Desktop\purple-merit\shortner\linkshortner\node_modules\next\dist\trace\trace.js:154:20)
    at async DevServer.handleRequest (C:\Users\harsh\OneDrive\Desktop\purple-merit\shortner\linkshortner\node_modules\next\dist\server\dev\next-dev-server.js:336:24)
    at async invokeRender (C:\Users\harsh\OneDrive\Desktop\purple-merit\shortner\linkshortner\node_modules\next\dist\server\lib\router-server.js:179:21)
    at async handleRequest (C:\Users\harsh\OneDrive\Desktop\purple-merit\shortner\linkshortner\node_modules\next\dist\server\lib\router-server.js:359:24)
    at async requestHandlerImpl (C:\Users\harsh\OneDrive\Desktop\purple-merit\shortner\linkshortner\node_modules\next\dist\server\lib\router-server.js:383:13)
    at async Server.requestListener (C:\Users\harsh\OneDrive\Desktop\purple-merit\shortner\linkshortner\node_modules\next\dist\server\lib\start-server.js:141:13)
2025-12-22T12:13:47.874Z - PrismaClientInitializationError: 
Invalid `prisma.user.upsert()` invocation:


Can't reach database server at `localhost:5432`

Please make sure your database server is running at `localhost:5432`.
    at $n.handleRequestError (C:\Users\harsh\OneDrive\Desktop\purple-merit\shortner\linkshortner\node_modules\@prisma\client\runtime\library.js:121:7615)
    at $n.handleAndLogRequestError (C:\Users\harsh\OneDrive\Desktop\purple-merit\shortner\linkshortner\node_modules\@prisma\client\runtime\library.js:121:6623)
    at $n.request (C:\Users\harsh\OneDrive\Desktop\purple-merit\shortner\linkshortner\node_modules\@prisma\client\runtime\library.js:121:6307)
    at async l (C:\Users\harsh\OneDrive\Desktop\purple-merit\shortner\linkshortner\node_modules\@prisma\client\runtime\library.js:130:9633)
    at async POST (webpack-internal:///(rsc)/./src/app/api/links/route.ts:78:13)
    at async C:\Users\harsh\OneDrive\Desktop\purple-merit\shortner\linkshortner\node_modules\next\dist\compiled\next-server\app-route.runtime.dev.js:6:57228
    at async eT.execute (C:\Users\harsh\OneDrive\Desktop\purple-merit\shortner\linkshortner\node_modules\next\dist\compiled\next-server\app-route.runtime.dev.js:6:46851)
    at async eT.handle (C:\Users\harsh\OneDrive\Desktop\purple-merit\shortner\linkshortner\node_modules\next\dist\compiled\next-server\app-route.runtime.dev.js:6:58760)
    at async doRender (C:\Users\harsh\OneDrive\Desktop\purple-merit\shortner\linkshortner\node_modules\next\dist\server\base-server.js:1366:42)
    at async cacheEntry.responseCache.get.routeKind (C:\Users\harsh\OneDrive\Desktop\purple-merit\shortner\linkshortner\node_modules\next\dist\server\base-server.js:1588:28)
    at async DevServer.renderToResponseWithComponentsImpl (C:\Users\harsh\OneDrive\Desktop\purple-merit\shortner\linkshortner\node_modules\next\dist\server\base-server.js:1496:28)
    at async DevServer.renderPageComponent (C:\Users\harsh\OneDrive\Desktop\purple-merit\shortner\linkshortner\node_modules\next\dist\server\base-server.js:1924:24)
    at async DevServer.renderToResponseImpl (C:\Users\harsh\OneDrive\Desktop\purple-merit\shortner\linkshortner\node_modules\next\dist\server\base-server.js:1962:32)
    at async DevServer.pipeImpl (C:\Users\harsh\OneDrive\Desktop\purple-merit\shortner\linkshortner\node_modules\next\dist\server\base-server.js:922:25)
    at async NextNodeServer.handleCatchallRenderRequest (C:\Users\harsh\OneDrive\Desktop\purple-merit\shortner\linkshortner\node_modules\next\dist\server\next-server.js:272:17)
    at async DevServer.handleRequestImpl (C:\Users\harsh\OneDrive\Desktop\purple-merit\shortner\linkshortner\node_modules\next\dist\server\base-server.js:818:17)
    at async C:\Users\harsh\OneDrive\Desktop\purple-merit\shortner\linkshortner\node_modules\next\dist\server\dev\next-dev-server.js:339:20
    at async Span.traceAsyncFn (C:\Users\harsh\OneDrive\Desktop\purple-merit\shortner\linkshortner\node_modules\next\dist\trace\trace.js:154:20)
    at async DevServer.handleRequest (C:\Users\harsh\OneDrive\Desktop\purple-merit\shortner\linkshortner\node_modules\next\dist\server\dev\next-dev-server.js:336:24)
    at async invokeRender (C:\Users\harsh\OneDrive\Desktop\purple-merit\shortner\linkshortner\node_modules\next\dist\server\lib\router-server.js:179:21)
    at async handleRequest (C:\Users\harsh\OneDrive\Desktop\purple-merit\shortner\linkshortner\node_modules\next\dist\server\lib\router-server.js:359:24)
    at async requestHandlerImpl (C:\Users\harsh\OneDrive\Desktop\purple-merit\shortner\linkshortner\node_modules\next\dist\server\lib\router-server.js:383:13)
    at async Server.requestListener (C:\Users\harsh\OneDrive\Desktop\purple-merit\shortner\linkshortner\node_modules\next\dist\server\lib\start-server.js:141:13)
2025-12-23T08:18:35.759Z - PrismaClientInitializationError: 
Invalid `prisma.user.upsert()` invocation:


Can't reach database server at `localhost:5432`

Please make sure your database server is running at `localhost:5432`.
    at $n.handleRequestError (C:\Users\harsh\OneDrive\Desktop\purple-merit\shortner\linkshortner\node_modules\@prisma\client\runtime\library.js:121:7615)
    at $n.handleAndLogRequestError (C:\Users\harsh\OneDrive\Desktop\purple-merit\shortner\linkshortner\node_modules\@prisma\client\runtime\library.js:121:6623)
    at $n.request (C:\Users\harsh\OneDrive\Desktop\purple-merit\shortner\linkshortner\node_modules\@prisma\client\runtime\library.js:121:6307)
    at async l (C:\Users\harsh\OneDrive\Desktop\purple-merit\shortner\linkshortner\node_modules\@prisma\client\runtime\library.js:130:9633)
    at async POST (webpack-internal:///(rsc)/./src/app/api/links/route.ts:78:13)
    at async C:\Users\harsh\OneDrive\Desktop\purple-merit\shortner\linkshortner\node_modules\next\dist\compiled\next-server\app-route.runtime.dev.js:6:57228
    at async eT.execute (C:\Users\harsh\OneDrive\Desktop\purple-merit\shortner\linkshortner\node_modules\next\dist\compiled\next-server\app-route.runtime.dev.js:6:46851)
    at async eT.handle (C:\Users\harsh\OneDrive\Desktop\purple-merit\shortner\linkshortner\node_modules\next\dist\compiled\next-server\app-route.runtime.dev.js:6:58760)
    at async doRender (C:\Users\harsh\OneDrive\Desktop\purple-merit\shortner\linkshortner\node_modules\next\dist\server\base-server.js:1366:42)
    at async cacheEntry.responseCache.get.routeKind (C:\Users\harsh\OneDrive\Desktop\purple-merit\shortner\linkshortner\node_modules\next\dist\server\base-server.js:1588:28)
    at async DevServer.renderToResponseWithComponentsImpl (C:\Users\harsh\OneDrive\Desktop\purple-merit\shortner\linkshortner\node_modules\next\dist\server\base-server.js:1496:28)
    at async DevServer.renderPageComponent (C:\Users\harsh\OneDrive\Desktop\purple-merit\shortner\linkshortner\node_modules\next\dist\server\base-server.js:1924:24)
    at async DevServer.renderToResponseImpl (C:\Users\harsh\OneDrive\Desktop\purple-merit\shortner\linkshortner\node_modules\next\dist\server\base-server.js:1962:32)
    at async DevServer.pipeImpl (C:\Users\harsh\OneDrive\Desktop\purple-merit\shortner\linkshortner\node_modules\next\dist\server\base-server.js:922:25)
    at async NextNodeServer.handleCatchallRenderRequest (C:\Users\harsh\OneDrive\Desktop\purple-merit\shortner\linkshortner\node_modules\next\dist\server\next-server.js:272:17)
    at async DevServer.handleRequestImpl (C:\Users\harsh\OneDrive\Desktop\purple-merit\shortner\linkshortner\node_modules\next\dist\server\base-server.js:818:17)
    at async C:\Users\harsh\OneDrive\Desktop\purple-merit\shortner\linkshortner\node_modules\next\dist\server\dev\next-dev-server.js:339:20
    at async Span.traceAsyncFn (C:\Users\harsh\OneDrive\Desktop\purple-merit\shortner\linkshortner\node_modules\next\dist\trace\trace.js:154:20)
    at async DevServer.handleRequest (C:\Users\harsh\OneDrive\Desktop\purple-merit\shortner\linkshortner\node_modules\next\dist\server\dev\next-dev-server.js:336:24)
    at async invokeRender (C:\Users\harsh\OneDrive\Desktop\purple-merit\shortner\linkshortner\node_modules\next\dist\server\lib\router-server.js:179:21)
    at async handleRequest (C:\Users\harsh\OneDrive\Desktop\purple-merit\shortner\linkshortner\node_modules\next\dist\server\lib\router-server.js:359:24)
    at async requestHandlerImpl (C:\Users\harsh\OneDrive\Desktop\purple-merit\shortner\linkshortner\node_modules\next\dist\server\lib\router-server.js:383:13)
    at async Server.requestListener (C:\Users\harsh\OneDrive\Desktop\purple-merit\shortner\linkshortner\node_modules\next\dist\server\lib\start-server.js:141:13)
2025-12-23T08:24:37.809Z - DATABASE_UNAVAILABLE
2025-12-23T14:31:37.976Z - PrismaClientKnownRequestError: 
Invalid `prisma.user.upsert()` invocation:


The table `public.User` does not exist in the current database.
    at $n.handleRequestError (C:\Users\harsh\OneDrive\Desktop\purple-merit\shortner\linkshortner\node_modules\@prisma\client\runtime\library.js:121:7315)
    at $n.handleAndLogRequestError (C:\Users\harsh\OneDrive\Desktop\purple-merit\shortner\linkshortner\node_modules\@prisma\client\runtime\library.js:121:6623)
    at $n.request (C:\Users\harsh\OneDrive\Desktop\purple-merit\shortner\linkshortner\node_modules\@prisma\client\runtime\library.js:121:6307)
    at async l (C:\Users\harsh\OneDrive\Desktop\purple-merit\shortner\linkshortner\node_modules\@prisma\client\runtime\library.js:130:9633)
    at async POST (webpack-internal:///(rsc)/./src/app/api/links/route.ts:78:13)
    at async C:\Users\harsh\OneDrive\Desktop\purple-merit\shortner\linkshortner\node_modules\next\dist\compiled\next-server\app-route.runtime.dev.js:6:57228
    at async eT.execute (C:\Users\harsh\OneDrive\Desktop\purple-merit\shortner\linkshortner\node_modules\next\dist\compiled\next-server\app-route.runtime.dev.js:6:46851)
    at async eT.handle (C:\Users\harsh\OneDrive\Desktop\purple-merit\shortner\linkshortner\node_modules\next\dist\compiled\next-server\app-route.runtime.dev.js:6:58760)
    at async doRender (C:\Users\harsh\OneDrive\Desktop\purple-merit\shortner\linkshortner\node_modules\next\dist\server\base-server.js:1366:42)
    at async cacheEntry.responseCache.get.routeKind (C:\Users\harsh\OneDrive\Desktop\purple-merit\shortner\linkshortner\node_modules\next\dist\server\base-server.js:1588:28)
    at async DevServer.renderToResponseWithComponentsImpl (C:\Users\harsh\OneDrive\Desktop\purple-merit\shortner\linkshortner\node_modules\next\dist\server\base-server.js:1496:28)
    at async DevServer.renderPageComponent (C:\Users\harsh\OneDrive\Desktop\purple-merit\shortner\linkshortner\node_modules\next\dist\server\base-server.js:1924:24)
    at async DevServer.renderToResponseImpl (C:\Users\harsh\OneDrive\Desktop\purple-merit\shortner\linkshortner\node_modules\next\dist\server\base-server.js:1962:32)
    at async DevServer.pipeImpl (C:\Users\harsh\OneDrive\Desktop\purple-merit\shortner\linkshortner\node_modules\next\dist\server\base-server.js:922:25)
    at async NextNodeServer.handleCatchallRenderRequest (C:\Users\harsh\OneDrive\Desktop\purple-merit\shortner\linkshortner\node_modules\next\dist\server\next-server.js:272:17)
    at async DevServer.handleRequestImpl (C:\Users\harsh\OneDrive\Desktop\purple-merit\shortner\linkshortner\node_modules\next\dist\server\base-server.js:818:17)
    at async C:\Users\harsh\OneDrive\Desktop\purple-merit\shortner\linkshortner\node_modules\next\dist\server\dev\next-dev-server.js:339:20
    at async Span.traceAsyncFn (C:\Users\harsh\OneDrive\Desktop\purple-merit\shortner\linkshortner\node_modules\next\dist\trace\trace.js:154:20)
    at async DevServer.handleRequest (C:\Users\harsh\OneDrive\Desktop\purple-merit\shortner\linkshortner\node_modules\next\dist\server\dev\next-dev-server.js:336:24)
    at async invokeRender (C:\Users\harsh\OneDrive\Desktop\purple-merit\shortner\linkshortner\node_modules\next\dist\server\lib\router-server.js:179:21)
    at async handleRequest (C:\Users\harsh\OneDrive\Desktop\purple-merit\shortner\linkshortner\node_modules\next\dist\server\lib\router-server.js:359:24)
    at async requestHandlerImpl (C:\Users\harsh\OneDrive\Desktop\purple-merit\shortner\linkshortner\node_modules\next\dist\server\lib\router-server.js:383:13)
    at async Server.requestListener (C:\Users\harsh\OneDrive\Desktop\purple-merit\shortner\linkshortner\node_modules\next\dist\server\lib\start-server.js:141:13)
2025-12-23T14:33:51.351Z - PrismaClientKnownRequestError: 
Invalid `prisma.user.upsert()` invocation:


The table `public.User` does not exist in the current database.
    at $n.handleRequestError (C:\Users\harsh\OneDrive\Desktop\purple-merit\shortner\linkshortner\node_modules\@prisma\client\runtime\library.js:121:7315)
    at $n.handleAndLogRequestError (C:\Users\harsh\OneDrive\Desktop\purple-merit\shortner\linkshortner\node_modules\@prisma\client\runtime\library.js:121:6623)
    at $n.request (C:\Users\harsh\OneDrive\Desktop\purple-merit\shortner\linkshortner\node_modules\@prisma\client\runtime\library.js:121:6307)
    at async l (C:\Users\harsh\OneDrive\Desktop\purple-merit\shortner\linkshortner\node_modules\@prisma\client\runtime\library.js:130:9633)
    at async POST (webpack-internal:///(rsc)/./src/app/api/links/route.ts:78:13)
    at async C:\Users\harsh\OneDrive\Desktop\purple-merit\shortner\linkshortner\node_modules\next\dist\compiled\next-server\app-route.runtime.dev.js:6:57228
    at async eT.execute (C:\Users\harsh\OneDrive\Desktop\purple-merit\shortner\linkshortner\node_modules\next\dist\compiled\next-server\app-route.runtime.dev.js:6:46851)
    at async eT.handle (C:\Users\harsh\OneDrive\Desktop\purple-merit\shortner\linkshortner\node_modules\next\dist\compiled\next-server\app-route.runtime.dev.js:6:58760)
    at async doRender (C:\Users\harsh\OneDrive\Desktop\purple-merit\shortner\linkshortner\node_modules\next\dist\server\base-server.js:1366:42)
    at async cacheEntry.responseCache.get.routeKind (C:\Users\harsh\OneDrive\Desktop\purple-merit\shortner\linkshortner\node_modules\next\dist\server\base-server.js:1588:28)
    at async DevServer.renderToResponseWithComponentsImpl (C:\Users\harsh\OneDrive\Desktop\purple-merit\shortner\linkshortner\node_modules\next\dist\server\base-server.js:1496:28)
    at async DevServer.renderPageComponent (C:\Users\harsh\OneDrive\Desktop\purple-merit\shortner\linkshortner\node_modules\next\dist\server\base-server.js:1924:24)
    at async DevServer.renderToResponseImpl (C:\Users\harsh\OneDrive\Desktop\purple-merit\shortner\linkshortner\node_modules\next\dist\server\base-server.js:1962:32)
    at async DevServer.pipeImpl (C:\Users\harsh\OneDrive\Desktop\purple-merit\shortner\linkshortner\node_modules\next\dist\server\base-server.js:922:25)
    at async NextNodeServer.handleCatchallRenderRequest (C:\Users\harsh\OneDrive\Desktop\purple-merit\shortner\linkshortner\node_modules\next\dist\server\next-server.js:272:17)
    at async DevServer.handleRequestImpl (C:\Users\harsh\OneDrive\Desktop\purple-merit\shortner\linkshortner\node_modules\next\dist\server\base-server.js:818:17)
    at async C:\Users\harsh\OneDrive\Desktop\purple-merit\shortner\linkshortner\node_modules\next\dist\server\dev\next-dev-server.js:339:20
    at async Span.traceAsyncFn (C:\Users\harsh\OneDrive\Desktop\purple-merit\shortner\linkshortner\node_modules\next\dist\trace\trace.js:154:20)
    at async DevServer.handleRequest (C:\Users\harsh\OneDrive\Desktop\purple-merit\shortner\linkshortner\node_modules\next\dist\server\dev\next-dev-server.js:336:24)
    at async invokeRender (C:\Users\harsh\OneDrive\Desktop\purple-merit\shortner\linkshortner\node_modules\next\dist\server\lib\router-server.js:179:21)
    at async handleRequest (C:\Users\harsh\OneDrive\Desktop\purple-merit\shortner\linkshortner\node_modules\next\dist\server\lib\router-server.js:359:24)
    at async requestHandlerImpl (C:\Users\harsh\OneDrive\Desktop\purple-merit\shortner\linkshortner\node_modules\next\dist\server\lib\router-server.js:383:13)
    at async Server.requestListener (C:\Users\harsh\OneDrive\Desktop\purple-merit\shortner\linkshortner\node_modules\next\dist\server\lib\start-server.js:141:13)
